<?xml version="1.0" encoding="UTF-8"?>
<!-- Generated by org.testng.reporters.JUnitReportReporter -->
<testsuite hostname="DESKTOP-V0EQBTF" failures="0" tests="1" name="Ally.loginTest" time="9.629" errors="0" timestamp="2023-12-04T15:54:21 IST" skipped="0">
  <testcase classname="Ally.loginTest" name="loginTest" time="9.629"/>
</testsuite> <!-- Ally.loginTest -->
