<?xml version="1.0" encoding="UTF-8"?>
<!-- Generated by org.testng.reporters.JUnitReportReporter -->
<testsuite hostname="DESKTOP-V0EQBTF" failures="0" tests="1" name="Ally.adaTest" time="10.200" errors="0" timestamp="2023-12-11T14:44:37 IST" skipped="0">
  <testcase classname="Ally.adaTest" name="testAccessibilityForUrls" time="10.200"/>
</testsuite> <!-- Ally.adaTest -->
